<?xml version="1.0" encoding="UTF-8"?>
<!-- Generated by org.testng.reporters.JUnitReportReporter -->
<testsuite hostname="DESKTOP-PSPSVDJ" failures="0" tests="1" name="com.automation.practice5.staticDataTable" time="6.680" errors="0" timestamp="2022-02-25T23:00:45 EST" skipped="0">
  <testcase classname="com.automation.practice5.staticDataTable" name="dynamicTB" time="6.680"/>
  <system-out/>
</testsuite> <!-- com.automation.practice5.staticDataTable -->
