<?xml version="1.0" encoding="UTF-8"?>
<!-- Generated by org.testng.reporters.JUnitReportReporter -->
<testsuite hostname="DESKTOP-PSPSVDJ" failures="0" tests="5" name="com.automation.practice3.userReg" time="99.300" errors="0" timestamp="2022-02-23T22:13:54 EST" skipped="0">
  <testcase classname="com.automation.practice3.userReg" name="inValid" time="4.162"/>
  <system-out/>
  <testcase classname="com.automation.practice3.userReg" name="alreadyExists" time="4.341"/>
  <system-out/>
  <testcase classname="com.automation.practice3.userReg" name="mandatory" time="8.049"/>
  <system-out/>
  <testcase classname="com.automation.practice3.userReg" name="incorrect" time="9.599"/>
  <system-out/>
  <testcase classname="com.automation.practice3.userReg" name="createUser" time="73.149"/>
  <system-out/>
</testsuite> <!-- com.automation.practice3.userReg -->
