<?xml version="1.0" encoding="UTF-8"?>
<!-- Generated by org.testng.reporters.JUnitReportReporter -->
<testsuite hostname="DESKTOP-PSPSVDJ" failures="0" tests="1" name="com.automation.practice3.searchProduct" time="15.068" errors="0" timestamp="2022-03-11T16:37:55 EST" skipped="0">
  <testcase classname="com.automation.practice3.searchProduct" name="search" time="15.068"/>
  <system-out>
    <![CDATA[First Product Name: Faded Short Sleeve T-shirts
First Product Price: $16.51
Searched product Name: Faded Short Sleeve T-shirts
Searched product price: $16.51
Both the product names and prices are equal]]>
  </system-out>
</testsuite> <!-- com.automation.practice3.searchProduct -->
