<?xml version="1.0" encoding="UTF-8"?>
<!-- Generated by org.testng.reporters.JUnitReportReporter -->
<testsuite hostname="DESKTOP-PSPSVDJ" failures="0" tests="5" name="com.automation.practice1.class2" time="19.359" errors="0" timestamp="2022-02-21T22:09:47 EST" skipped="0">
  <testcase classname="com.automation.practice1.class2" name="baseurl" time="6.832"/>
  <system-out/>
  <testcase classname="com.automation.practice1.class2" name="addtoCart" time="5.300"/>
  <system-out/>
  <testcase classname="com.automation.practice1.class2" name="proceedToCheckout" time="6.514"/>
  <system-out/>
  <testcase classname="com.automation.practice1.class2" name="valueCheck" time="0.005"/>
  <system-out/>
  <testcase classname="com.automation.practice1.class2" name="tear" time="0.708"/>
  <system-out/>
</testsuite> <!-- com.automation.practice1.class2 -->
