<?xml version="1.0" encoding="UTF-8"?>
<!-- Generated by org.testng.reporters.JUnitReportReporter -->
<testsuite hostname="DESKTOP-PSPSVDJ" failures="0" tests="1" name="com.automation.practice5.DataTable" time="1.441" errors="0" timestamp="2022-02-27T22:43:26 EST" skipped="0">
  <testcase classname="com.automation.practice5.DataTable" name="khalifaHeight" time="1.441"/>
  <system-out/>
</testsuite> <!-- com.automation.practice5.DataTable -->
