<?xml version="1.0" encoding="UTF-8"?>
<!-- Generated by org.testng.reporters.JUnitReportReporter -->
<testsuite hostname="DESKTOP-PSPSVDJ" failures="0" tests="3" name="com.automation.practice1.class1" time="21.916" errors="0" timestamp="2022-02-17T17:35:48 EST" skipped="0">
  <testcase classname="com.automation.practice1.class1" name="title" time="2.231"/>
  <system-out/>
  <testcase classname="com.automation.practice1.class1" name="sendMessage" time="19.636"/>
  <system-out/>
  <testcase classname="com.automation.practice1.class1" name="afterSubmit" time="0.049"/>
  <system-out/>
</testsuite> <!-- com.automation.practice1.class1 -->
