<?xml version="1.0" encoding="UTF-8"?>
<!-- Generated by org.testng.reporters.JUnitReportReporter -->
<testsuite hostname="DESKTOP-PSPSVDJ" failures="0" tests="5" name="com.automation.practice5.DataTable" time="6.079" errors="0" timestamp="2022-03-03T19:22:33 EST" skipped="4">
  <testcase classname="com.automation.practice5.DataTable" name="tall" time="6.079"/>
  <system-out/>
  <testcase classname="com.automation.practice5.DataTable" name="dynamicTB">
    <skipped/>
  </testcase> <!-- dynamicTB -->
  <system-out/>
  <testcase classname="com.automation.practice5.DataTable" name="lastrow">
    <skipped/>
  </testcase> <!-- lastrow -->
  <system-out/>
  <testcase classname="com.automation.practice5.DataTable" name="sharanyaburjHeight">
    <skipped/>
  </testcase> <!-- sharanyaburjHeight -->
  <system-out/>
  <testcase classname="com.automation.practice5.DataTable" name="khalifaHeight">
    <skipped/>
  </testcase> <!-- khalifaHeight -->
  <system-out/>
</testsuite> <!-- com.automation.practice5.DataTable -->
