<?xml version="1.0" encoding="UTF-8"?>
<!-- Generated by org.testng.reporters.JUnitReportReporter -->
<testsuite hostname="DESKTOP-PSPSVDJ" failures="0" tests="1" name="com.automation.practice2.signUpForm" time="6.944" errors="0" timestamp="2022-02-23T10:50:41 EST" skipped="0">
  <testcase classname="com.automation.practice2.signUpForm" name="signup" time="6.944"/>
  <system-out/>
</testsuite> <!-- com.automation.practice2.signUpForm -->
