<?xml version="1.0" encoding="UTF-8"?>
<!-- Generated by org.testng.reporters.JUnitReportReporter -->
<testsuite hostname="DESKTOP-PSPSVDJ" failures="0" tests="1" name="com.automation.practice6.googleSearch" time="2.405" errors="0" timestamp="2022-02-28T12:19:45 EST" skipped="0">
  <testcase classname="com.automation.practice6.googleSearch" name="googleSe" time="2.405"/>
  <system-out/>
</testsuite> <!-- com.automation.practice6.googleSearch -->
