<?xml version="1.0" encoding="UTF-8"?>
<!-- Generated by org.testng.reporters.JUnitReportReporter -->
<testsuite hostname="DESKTOP-PSPSVDJ" failures="0" tests="1" name="com.automation.practice4.brokenLinksVerify" time="42.499" errors="0" timestamp="2022-02-24T23:09:09 EST" skipped="0">
  <testcase classname="com.automation.practice4.brokenLinksVerify" name="links" time="42.499"/>
  <system-out>
    <![CDATA[85No. of links
https://phptravels.com/-OK
https://phptravels.com/demo-OK
https://phptravels.com/order-OK
https://phptravels.com/features-OK
https://phptravels.com/hotels-module-features/-OK
https://phptravels.com/flights-module-features/-OK
https://phptravels.com/tours-module-features/-OK
https://phptravels.com/cars-module-features/-OK
https://phptravels.com/offers-module-features/-OK
https://phptravels.com/blog-module-features/-OK
https://phptravels.com/newsletter-module-features/-OK
https://phptravels.com/cms-module-features/-OK
https://phptravels.com/integrations/-OK
https://phptravels.com/services/-OK
https://phptravels.com/integrations/-OK
https://phptravels.com/customizations/-OK
https://phptravels.com/expedia-xml-api-integration/-OK
https://phptravels.com/travel-xml-api-suppliers-list/-OK
https://phptravels.com/providers/-OK
https://phptravels.com/technology/-OK
https://phptravels.com/requirements/-OK
https://phptravels.com/change-log/-OK
https://phptravels.com/mobile-applications/-OK
https://phptravels.com/desktop-application/-OK
https://phptravels.com/updates/-OK
https://phptravels.com/how-to-get-started/-OK
https://docs.phptravels.com/-OK
https://phptravels.com/blog-OK
https://phptravels.com/earn-with-phptravels-OK
https://phptravels.com/about-us/-OK
https://phptravels.com/contact-us/-OK
https://phptravels.com/partners/-OK
https://phptravels.com/the-team/-OK
https://phptravels.com/affiliate/-OK
https://phptravels.com/media-kit/-OK
https://phptravels.com/jobs/-OK
https://phptravels.com/privacy-statement/-OK
https://phptravels.com/terms-and-conditions/-OK
https://phptravels.org/-OK
https://phptravels.org/register.php-OK
https://www.phptravels.net/login-Service Temporarily Unavailableis a broken link
https://www.phptravels.net/login-Service Temporarily Unavailableis a broken link
https://www.phptravels.net/login-Service Temporarily Unavailableis a broken link
https://www.phptravels.net/login-Service Temporarily Unavailableis a broken link
https://www.phptravels.net/admin-Service Temporarily Unavailableis a broken link
https://www.phptravels.net/admin-Service Temporarily Unavailableis a broken link
https://www.phptravels.net/supplier-Service Temporarily Unavailableis a broken link
https://www.phptravels.net/supplier-Service Temporarily Unavailableis a broken link
https://phptravels.com/mobile-applications/-OK
https://itunes.apple.com/us/app/travels-native/id1297567389-OK
https://phptravels.com/mobile-applications/-OK
https://play.google.com/store/apps/details?id=com.phptravelsnative-OK
https://phptravels.com/-OK
https://phptravels.com/desktop-application/-OK
https://phptravels.com/mobile-applications/-OK
https://phptravels.com/features/-OK
https://phptravels.com/requirements/-OK
https://phptravels.com/technology/-OK
https://phptravels.com/change-log/-OK
https://phptravels.com/updates/-OK
https://phptravels.com/providers/-OK
https://phptravels.com/affiliate/-OK
https://phptravels.com/roadmap/-OK
https://phptravels.com/services/-OK
https://phptravels.com/customizations/-OK
https://phptravels.com/change-log/-OK
https://phptravels.com/expedia-api-integration/-OK
https://phptravels.com/shared-hosting/-OK
https://phptravels.com/blog/-OK
https://phptravels.com/about-us/-OK
https://phptravels.com/contact-us/-OK
https://phptravels.com/jobs/-OK
https://phptravels.com/the-team/-OK
https://www.facebook.com/phptravels/-OK
https://www.youtube.com/c/phptravelsofficial-OK
https://www.twitter.com/phptravels-OK
https://www.linkedin.com/company/phptravels/-Request deniedis a broken link
https://www.instagram.com/phptravels_/-OK
https://phptravels.com/terms-and-conditions/-OK
https://phptravels.com/privacy-statement/-OK
https://direct.lc.chat/4618001/-OK
https://phptravels.com/earn-with-phptravels-OK
https://phptravels.com/chat/-OK
https://wa.me/923311442244-OK]]>
  </system-out>
</testsuite> <!-- com.automation.practice4.brokenLinksVerify -->
