<?xml version="1.0" encoding="UTF-8"?>
<!-- Generated by org.testng.reporters.JUnitReportReporter -->
<testsuite hostname="DESKTOP-PSPSVDJ" failures="0" tests="4" name="com.automation.practice7.alertsP" time="7.378" errors="0" timestamp="2022-03-03T13:08:25 EST" skipped="3">
  <testcase classname="com.automation.practice7.alertsP" name="dragMe" time="7.378"/>
  <system-out/>
  <testcase classname="com.automation.practice7.alertsP" name="javaAlert">
    <skipped/>
  </testcase> <!-- javaAlert -->
  <system-out/>
  <testcase classname="com.automation.practice7.alertsP" name="javaTimingAlert">
    <skipped/>
  </testcase> <!-- javaTimingAlert -->
  <system-out/>
  <testcase classname="com.automation.practice7.alertsP" name="javaAlertText">
    <skipped/>
  </testcase> <!-- javaAlertText -->
  <system-out/>
</testsuite> <!-- com.automation.practice7.alertsP -->
