<?xml version="1.0" encoding="UTF-8"?>
<!-- Generated by org.testng.reporters.JUnitReportReporter -->
<testsuite hostname="DESKTOP-PSPSVDJ" failures="0" tests="3" name="com.automation.practice7.windowHandles" time="80.199" errors="0" timestamp="2022-03-04T16:02:36 EST" skipped="2">
  <testcase classname="com.automation.practice7.windowHandles" name="newMessageWindow" time="80.199"/>
  <system-out/>
  <testcase classname="com.automation.practice7.windowHandles" name="newBrowserWindow">
    <skipped/>
  </testcase> <!-- newBrowserWindow -->
  <system-out/>
  <testcase classname="com.automation.practice7.windowHandles" name="newBrowserTab">
    <skipped/>
  </testcase> <!-- newBrowserTab -->
  <system-out/>
</testsuite> <!-- com.automation.practice7.windowHandles -->
